<?xml version="1.0" encoding="UTF-8"?>
<!-- Generated by org.testng.reporters.JUnitReportReporter -->
<testsuite hostname="LAPTOP-9Q4PB9CG" failures="0" tests="13" name="runner.TestRunner" time="0.194" errors="0" timestamp="2024-09-12T16:00:25 IST" skipped="0">
  <testcase classname="runner.TestRunner" name="runScenario" time="0.008"/>
  <system-out/>
  <testcase classname="runner.TestRunner" name="runScenario" time="0.018"/>
  <system-out/>
  <testcase classname="runner.TestRunner" name="runScenario" time="0.007"/>
  <system-out/>
  <testcase classname="runner.TestRunner" name="runScenario" time="0.008"/>
  <system-out/>
  <testcase classname="runner.TestRunner" name="runScenario" time="0.008"/>
  <system-out/>
  <testcase classname="runner.TestRunner" name="runScenario" time="0.015"/>
  <system-out/>
  <testcase classname="runner.TestRunner" name="runScenario" time="0.008"/>
  <system-out/>
  <testcase classname="runner.TestRunner" name="runScenario" time="0.007"/>
  <system-out/>
  <testcase classname="runner.TestRunner" name="runScenario" time="0.011"/>
  <system-out/>
  <testcase classname="runner.TestRunner" name="runScenario" time="0.008"/>
  <system-out/>
  <testcase classname="runner.TestRunner" name="runScenario" time="0.010"/>
  <system-out/>
  <testcase classname="runner.TestRunner" name="runScenario" time="0.076"/>
  <system-out/>
  <testcase classname="runner.TestRunner" name="runScenario" time="0.010"/>
  <system-out/>
</testsuite> <!-- runner.TestRunner -->
